Performing C++ SOURCE FILE Test CMAKE_HAVE_LIBC_PTHREAD failed with the following output:
Change Dir: /home/maksym/repos2/msp-iot-bridge/CMakeFiles/CMakeTmp

Run Build Command(s):/usr/bin/make cmTC_8703a/fast && /usr/bin/make -f CMakeFiles/cmTC_8703a.dir/build.make CMakeFiles/cmTC_8703a.dir/build
make[1]: Entering directory '/home/maksym/repos2/msp-iot-bridge/CMakeFiles/CMakeTmp'
Building CXX object CMakeFiles/cmTC_8703a.dir/src.cxx.o
/usr/bin/c++    -DCMAKE_HAVE_LIBC_PTHREAD   -std=c++11 -o CMakeFiles/cmTC_8703a.dir/src.cxx.o -c /home/maksym/repos2/msp-iot-bridge/CMakeFiles/CMakeTmp/src.cxx
Linking CXX executable cmTC_8703a
/usr/bin/cmake -E cmake_link_script CMakeFiles/cmTC_8703a.dir/link.txt --verbose=1
/usr/bin/c++   -DCMAKE_HAVE_LIBC_PTHREAD    CMakeFiles/cmTC_8703a.dir/src.cxx.o  -o cmTC_8703a 
/usr/bin/ld: CMakeFiles/cmTC_8703a.dir/src.cxx.o: in function `main':
src.cxx:(.text+0x46): undefined reference to `pthread_create'
/usr/bin/ld: src.cxx:(.text+0x52): undefined reference to `pthread_detach'
/usr/bin/ld: src.cxx:(.text+0x63): undefined reference to `pthread_join'
collect2: error: ld returned 1 exit status
make[1]: *** [CMakeFiles/cmTC_8703a.dir/build.make:87: cmTC_8703a] Error 1
make[1]: Leaving directory '/home/maksym/repos2/msp-iot-bridge/CMakeFiles/CMakeTmp'
make: *** [Makefile:121: cmTC_8703a/fast] Error 2


Source file was:
#include <pthread.h>

void* test_func(void* data)
{
  return data;
}

int main(void)
{
  pthread_t thread;
  pthread_create(&thread, NULL, test_func, NULL);
  pthread_detach(thread);
  pthread_join(thread, NULL);
  pthread_atfork(NULL, NULL, NULL);
  pthread_exit(NULL);

  return 0;
}

Determining if the function pthread_create exists in the pthreads failed with the following output:
Change Dir: /home/maksym/repos2/msp-iot-bridge/CMakeFiles/CMakeTmp

Run Build Command(s):/usr/bin/make cmTC_7b52d/fast && /usr/bin/make -f CMakeFiles/cmTC_7b52d.dir/build.make CMakeFiles/cmTC_7b52d.dir/build
make[1]: Entering directory '/home/maksym/repos2/msp-iot-bridge/CMakeFiles/CMakeTmp'
Building CXX object CMakeFiles/cmTC_7b52d.dir/CheckFunctionExists.cxx.o
/usr/bin/c++    -DCHECK_FUNCTION_EXISTS=pthread_create   -std=c++11 -o CMakeFiles/cmTC_7b52d.dir/CheckFunctionExists.cxx.o -c /home/maksym/repos2/msp-iot-bridge/CMakeFiles/CheckLibraryExists/CheckFunctionExists.cxx
Linking CXX executable cmTC_7b52d
/usr/bin/cmake -E cmake_link_script CMakeFiles/cmTC_7b52d.dir/link.txt --verbose=1
/usr/bin/c++   -DCHECK_FUNCTION_EXISTS=pthread_create    CMakeFiles/cmTC_7b52d.dir/CheckFunctionExists.cxx.o  -o cmTC_7b52d  -lpthreads 
/usr/bin/ld: cannot find -lpthreads
collect2: error: ld returned 1 exit status
make[1]: *** [CMakeFiles/cmTC_7b52d.dir/build.make:87: cmTC_7b52d] Error 1
make[1]: Leaving directory '/home/maksym/repos2/msp-iot-bridge/CMakeFiles/CMakeTmp'
make: *** [Makefile:121: cmTC_7b52d/fast] Error 2



